iMPACT Version: G.23
iMPACT log file Started on 2012/12/10 11:55:29
// *** BATCH CMD : setPreference -pref UserLevel:NOVICE
// *** BATCH CMD : setPreference -pref MessageLevel:DETAILED
// *** BATCH CMD : setPreference -pref ConcurrentMode:FALSE
// *** BATCH CMD : setPreference -pref UseHighz:FALSE
// *** BATCH CMD : setPreference -pref ConfigOnFailure:STOP
// *** BATCH CMD : setPreference -pref StartupCLock:AUTO_CORRECTION
// *** BATCH CMD : setPreference -pref AutoSignature:FALSE
// *** BATCH CMD : setPreference -pref KeepSVF:FALSE
// *** BATCH CMD : setPreference -pref svfUseTime:FALSE
// *** BATCH CMD : setPreference -pref UserLevel:NOVICE
// *** BATCH CMD : setPreference -pref MessageLevel:DETAILED
// *** BATCH CMD : setPreference -pref ConcurrentMode:FALSE
// *** BATCH CMD : setPreference -pref UseHighz:FALSE
// *** BATCH CMD : setPreference -pref ConfigOnFailure:STOP
// *** BATCH CMD : setPreference -pref StartupCLock:AUTO_CORRECTION
// *** BATCH CMD : setPreference -pref AutoSignature:FALSE
// *** BATCH CMD : setPreference -pref KeepSVF:FALSE
// *** BATCH CMD : setPreference -pref svfUseTime:FALSE
GUI --- Boundary-Scan Mode selected
// *** BATCH CMD : setMode -bs
GUI --- Auto connect to cable...
// *** BATCH CMD : setCable -port auto
AutoDetecting cable. Please wait.
CB_PROGRESS_START - Starting Operation.
Connecting to cable (USB Port).
Cable connection failed.
Connecting to cable (Parallel Port - LPT1).
Checking cable driver.
 Driver windrvr.sys version = 5.0.5.1. LPT base address = 0378h.
 ECP hardware is detected.
Cable connection established.
Connecting to cable (Parallel Port - LPT1) in ECP mode.
Checking cable driver.
 Driver xpc4drvr.sys version = 1.0.4.0. LPT base address = 0378h.
Cable connection failed.
Connecting to cable (Parallel Port - LPT1).
Checking cable driver.
 Driver windrvr.sys version = 5.0.5.1. LPT base address = 0378h.
Cable connection established.
 ECP port test failed. Setting cable type to Parallel III.
CB_PROGRESS_END - End Operation.
Elapsed time =     10 sec.
// *** BATCH CMD : Identify
PROGRESS_START - Starting Operation.
Identifying chain contents ....'1': : Manufacturer's ID =Xilinx xc2s200, Version : 8
INFO:iMPACT:1777 - 
Reading C:/Xilinx/spartan2/data/xc2s200.bsd...
Reading C:/Xilinx/spartan2/data/xc2s200.bsd...
INFO:iMPACT:501 - '1': Added Device xc2s200 successfully.
----------------------------------------------------------------------
----------------------------------------------------------------------
'2': : Manufacturer's ID =Xilinx xcf02s, Version : 15
INFO:iMPACT:1777 - 
Reading C:/Xilinx/xcf/data/xcf02s.bsd...
Reading C:/Xilinx/xcf/data/xcf02s.bsd...
INFO:iMPACT:501 - '1': Added Device xcf02s successfully.
----------------------------------------------------------------------
----------------------------------------------------------------------
done.
PROGRESS_END - End Operation.
Elapsed time =      0 sec.
xc18v02_pc44
xc18v02_vq44
xc18v04_pc44
xc18v04_vq44
xcf02s_vo20
xcf04s_vo20
// *** BATCH CMD : setAttribute -position 1 -attr configFileName -value "C:\Documents and Settings\a\Desktop\top.mcs"
'1': Loading file 'C:\Documents and Settings\a\Desktop\top.mcs' ...
done.
// *** BATCH CMD : setAttribute -position 2 -attr configFileName -value "C:\Documents and Settings\a\Desktop\tdc16_v3.bit"
'2': Loading file 'C:\Documents and Settings\a\Desktop\tdc16_v3.bit' ...
done.
WARNING:iMPACT:1049 - Startup Clock has been changed to 'JtagClk' in the bitstream stored in memory,
but the original bitstream file remains unchanged.
but the original bitstream file remains unchanged.
INFO:iMPACT:501 - '2': Added Device xc2s200 successfully.
----------------------------------------------------------------------
----------------------------------------------------------------------
----------------------------------------------------------------------
----------------------------------------------------------------------
// *** BATCH CMD : Program -p 1 -e -v -loadfpga 
PROGRESS_START - Starting Operation.
Validating chain...
Boundary-scan chain validated successfully.
'1': Putting device in ISP mode...done.
'1': Erasing device...done.
'1': Erasure completed successfully.
'1': Putting device in ISP mode...done.
'1': Programming device...done.
'1': Putting device in ISP mode...done.
'1': Putting device in ISP mode...done.
'1': Verifying device...done.
'1': Verification completed successfully.
'1': Calculated checksum matches expected checksum, 0021e7952
'1': Putting device in ISP mode...done.
'1': Setting user-programmable bits...
done.
'1': Starting FPGA Load with Prom Data...INFO:iMPACT:563 - '1':Please ensure proper connections as specified by the data book ...
'1': Programming completed successfully.
PROGRESS_END - End Operation.
Elapsed time =     29 sec.
// *** BATCH CMD : Program -p 1 -e -v -loadfpga 
PROGRESS_START - Starting Operation.
Validating chain...
Boundary-scan chain validated successfully.
'1': Putting device in ISP mode...done.
'1': Erasing device...done.
'1': Erasure completed successfully.
'1': Putting device in ISP mode...done.
'1': Programming device...done.
'1': Putting device in ISP mode...done.
'1': Putting device in ISP mode...done.
'1': Verifying device...done.
'1': Verification completed successfully.
'1': Calculated checksum matches expected checksum, 0021e7952
'1': Putting device in ISP mode...done.
'1': Setting user-programmable bits...
done.
'1': Starting FPGA Load with Prom Data...INFO:iMPACT:563 - '1':Please ensure proper connections as specified by the data book ...
'1': Programming completed successfully.
PROGRESS_END - End Operation.
Elapsed time =     29 sec.
// *** BATCH CMD : Program -p 1 -e -v -loadfpga 
PROGRESS_START - Starting Operation.
Validating chain...
Boundary-scan chain validated successfully.
'1': Putting device in ISP mode...done.
'1': Erasing device...done.
'1': Erasure completed successfully.
'1': Putting device in ISP mode...done.
'1': Programming device...done.
'1': Putting device in ISP mode...done.
'1': Putting device in ISP mode...done.
'1': Verifying device...done.
'1': Verification completed successfully.
'1': Calculated checksum matches expected checksum, 0021e7952
'1': Putting device in ISP mode...done.
'1': Setting user-programmable bits...
done.
'1': Starting FPGA Load with Prom Data...INFO:iMPACT:563 - '1':Please ensure proper connections as specified by the data book ...
'1': Programming completed successfully.
PROGRESS_END - End Operation.
Elapsed time =     29 sec.
// *** BATCH CMD : Program -p 1 -e -v -loadfpga 
PROGRESS_START - Starting Operation.
Validating chain...
Boundary-scan chain validated successfully.
'1': Putting device in ISP mode...done.
'1': Erasing device...done.
'1': Erasure completed successfully.
'1': Putting device in ISP mode...done.
'1': Programming device...done.
'1': Putting device in ISP mode...done.
'1': Putting device in ISP mode...done.
'1': Verifying device...done.
'1': Verification completed successfully.
'1': Calculated checksum matches expected checksum, 0021e7952
'1': Putting device in ISP mode...done.
'1': Setting user-programmable bits...
done.
'1': Starting FPGA Load with Prom Data...INFO:iMPACT:563 - '1':Please ensure proper connections as specified by the data book ...
'1': Programming completed successfully.
PROGRESS_END - End Operation.
Elapsed time =     28 sec.
// *** BATCH CMD : Program -p 1 -e -v -loadfpga 
PROGRESS_START - Starting Operation.
Validating chain...
Boundary-scan chain validated successfully.
'1': Putting device in ISP mode...done.
'1': Erasing device...done.
'1': Erasure completed successfully.
'1': Putting device in ISP mode...done.
'1': Programming device...done.
'1': Putting device in ISP mode...done.
'1': Putting device in ISP mode...done.
'1': Verifying device...done.
'1': Verification completed successfully.
'1': Calculated checksum matches expected checksum, 0021e7952
'1': Putting device in ISP mode...done.
'1': Setting user-programmable bits...
done.
'1': Starting FPGA Load with Prom Data...INFO:iMPACT:563 - '1':Please ensure proper connections as specified by the data book ...
'1': Programming completed successfully.
PROGRESS_END - End Operation.
Elapsed time =     28 sec.
*****   Closing iMPACT program.   *****
----------------------------------------------------------------------
----------------------------------------------------------------------
