# Xilinx CORE Generator 6.1i
# User = Sajjad
Initializing default project...
Loading plug-ins...
All runtime messages will be recorded in F:\PCICard\My5i20\5I20CNC_8bitFPGAWindow\cnc\coregen.log
# busformat=BusFormatAngleBracketNotRipped
# designflow=VHDL
# expandedprojectpath=F:\PCICard\My5i20\5I20CNC_8bitFPGAWindow\cnc
# flowvendor=Foundation_iSE
# formalverification=None
# simulationoutputproducts=VHDL
# xilinxfamily=Virtex2
# outputoption=DesignFlow
# overwritefiles=Default
# simvendor=ModelSim
# expandedprojectpath=F:\PCICard\My5i20\5I20CNC_8bitFPGAWindow\cnc
SETPROJECT .
Set current Project to F:\PCICard\My5i20\5I20CNC_8bitFPGAWindow\cnc
SET BusFormat = BusFormatAngleBracketNotRipped
SETXIPCPORTHOST 1058
XIPCPJSENDCORES spartan2
