iMPACT Version: G.23
iMPACT log file Started on 2013/05/10 17:27:16
// *** BATCH CMD : setPreference -pref UserLevel:NOVICE
// *** BATCH CMD : setPreference -pref MessageLevel:DETAILED
// *** BATCH CMD : setPreference -pref ConcurrentMode:FALSE
// *** BATCH CMD : setPreference -pref UseHighz:FALSE
// *** BATCH CMD : setPreference -pref ConfigOnFailure:STOP
// *** BATCH CMD : setPreference -pref StartupCLock:AUTO_CORRECTION
// *** BATCH CMD : setPreference -pref AutoSignature:FALSE
// *** BATCH CMD : setPreference -pref KeepSVF:FALSE
// *** BATCH CMD : setPreference -pref svfUseTime:FALSE
// *** BATCH CMD : setPreference -pref UserLevel:NOVICE
// *** BATCH CMD : setPreference -pref MessageLevel:DETAILED
// *** BATCH CMD : setPreference -pref ConcurrentMode:FALSE
// *** BATCH CMD : setPreference -pref UseHighz:FALSE
// *** BATCH CMD : setPreference -pref ConfigOnFailure:STOP
// *** BATCH CMD : setPreference -pref StartupCLock:AUTO_CORRECTION
// *** BATCH CMD : setPreference -pref AutoSignature:FALSE
// *** BATCH CMD : setPreference -pref KeepSVF:FALSE
// *** BATCH CMD : setPreference -pref svfUseTime:FALSE
// *** BATCH CMD : setMode -pff
// *** BATCH CMD : setMode -pff
// *** BATCH CMD : setMode -pff
// *** BATCH CMD : setSubmode -pffserial
// *** BATCH CMD : setAttribute -configdevice -attr name -value "PFFConfigDevice"
// *** BATCH CMD : setAttribute -configdevice -attr size -value "0"
// *** BATCH CMD : addCollection -name "top"
// *** BATCH CMD : setAttribute -collection -attr dir -value "UP"
// *** BATCH CMD : addDesign -version 0 -name "0000"
// *** BATCH CMD : addDeviceChain -index 0
// *** BATCH CMD : addDevice -position 1 -file "F:\PCICard\My5i20\IOPR24V\iopr24.bit"
'1': Loading file 'F:\PCICard\My5i20\IOPR24V\iopr24.bit' ...
INFO:iMPACT - Elapsed time =      0 sec.
done.
INFO:iMPACT:501 - '1': Added Device xc2s200 successfully.
----------------------------------------------------------------------
----------------------------------------------------------------------
GUI --- Add one device.
// *** BATCH CMD : setMode -pff
Collection : top
Design : 0
Device Chain : 0
----------------------------------------------------------------------
Position	PartName       	FileName            
1       	xc2s200        	F:\PCICard\My5i20\IOPR24V\iopr24.bit
----------------------------------------------------------------------
// *** BATCH CMD : setAttribute -configdevice -attr fillValue -value "FF"
// *** BATCH CMD : setAttribute -configdevice -attr fileFormat -value "mcs"
// *** BATCH CMD : setAttribute -collection -attr dir -value "UP"
// *** BATCH CMD : setAttribute -configdevice -attr path -value "f:\pcicard\my5i20\iopr24v/"
// *** BATCH CMD : setAttribute -collection -attr name -value "top"
// *** BATCH CMD : generate -generic
'1': Added Device xc17v01 successfully.
----------------------------------------------------------------------
----------------------------------------------------------------------
Generating Prom file using the following auto generated Prom(s):
xc17v01
----------------------------------------------------------------------
0x28c44 (166980) bytes loaded up from 0x0
Using user-specified prom size of 205K
Writing file "f:\pcicard\my5i20\iopr24v//top.mcs".
Writing file "f:\pcicard\my5i20\iopr24v//top.prm".
Writing file "f:\pcicard\my5i20\iopr24v//top.sig".
GUI --- Total configuration bit size = 1335840 bits.
GUI --- Total configuration byte size = 166980 bytes.
*****   Closing iMPACT program.   *****
